<?xml version="1.0" encoding="UTF-8" ?>
<testsuite tests="1" failures="0" name="br.com.yaman.UtilTest" time="0.015" errors="0" skipped="0">
  <properties>
    <property name="java.runtime.name" value="Java(TM) SE Runtime Environment"/>
    <property name="sun.boot.library.path" value="C:\Developer\java\jdk\1.8.0_92\jre\bin"/>
    <property name="java.vm.version" value="25.92-b14"/>
    <property name="java.vm.vendor" value="Oracle Corporation"/>
    <property name="maven.multiModuleProjectDirectory" value="C:\Developer\mygit\alelo\automatizador-bomdia"/>
    <property name="java.vendor.url" value="http://java.oracle.com/"/>
    <property name="path.separator" value=";"/>
    <property name="guice.disable.misplaced.annotation.check" value="true"/>
    <property name="java.vm.name" value="Java HotSpot(TM) 64-Bit Server VM"/>
    <property name="file.encoding.pkg" value="sun.io"/>
    <property name="user.script" value=""/>
    <property name="user.country" value="BR"/>
    <property name="sun.java.launcher" value="SUN_STANDARD"/>
    <property name="sun.os.patch.level" value=""/>
    <property name="java.vm.specification.name" value="Java Virtual Machine Specification"/>
    <property name="user.dir" value="C:\Developer\mygit\alelo\automatizador-bomdia"/>
    <property name="java.runtime.version" value="1.8.0_92-b14"/>
    <property name="java.awt.graphicsenv" value="sun.awt.Win32GraphicsEnvironment"/>
    <property name="java.endorsed.dirs" value="C:\Developer\java\jdk\1.8.0_92\jre\lib\endorsed"/>
    <property name="os.arch" value="amd64"/>
    <property name="java.io.tmpdir" value="C:\Users\INMETR~1\AppData\Local\Temp\"/>
    <property name="line.separator" value="
"/>
    <property name="java.vm.specification.vendor" value="Oracle Corporation"/>
    <property name="user.variant" value=""/>
    <property name="os.name" value="Windows 10"/>
    <property name="classworlds.conf" value="C:\Developer\mvn\maven-3.5.0\bin\..\bin\m2.conf"/>
    <property name="sun.jnu.encoding" value="Cp1252"/>
    <property name="java.library.path" value="C:\Developer\java\jdk\1.8.0_92\bin;C:\WINDOWS\Sun\Java\bin;C:\WINDOWS\system32;C:\WINDOWS;C:\ProgramData\Oracle\Java\javapath;C:\WINDOWS\system32;C:\WINDOWS;C:\WINDOWS\System32\Wbem;C:\WINDOWS\System32\WindowsPowerShell\v1.0\;C:\Developer\java\jdk\1.8.0_92\bin;%YAML%;C:\Program Files (x86)\Skype\Phone\;C:\Developer\mvn\maven-3.5.0\bin;C:\Program Files\Git\cmd;C:\Developer\gradle\gradle-4.1\bin;C:\Program Files\TortoiseGit\bin;C:\Program Files (x86)\WinMerge;C:\Program Files (x86)\Silk\SilkTest;C:\Program Files (x86)\Silk\SilkTest\ng\gui;C:\Program Files\MySQL\MySQL Utilities 1.6\;C:\Users\fredi.roldan\AppData\Local\Android\sdk\tools;C:\Developer\java\jdk\1.8.0_92\bin;C:\Program Files\PuTTY\;C:\Program Files\wget;C:\Program Files\nodejs\;C:\Ruby23-x64\bin;C:\Users\fredi.roldan\scoop\shims;C:\Users\fredi.roldan\AppData\Local\Microsoft\WindowsApps;C:\Users\fredi.roldan\AppData\Local\Microsoft\WindowsApps;C:\Users\fredi.roldan\AppData\Local\Android\sdk\tools;C:\Developer\java\jdk\1.8.0_92\bin;C:\Users\fredi.roldan\AppData\Local\Android\sdk\platform-tools;C:\Users\fredi.roldan\.babun;C:\Users\fredi.roldan\AppData\Roaming\npm;C:\Program Files (x86)\Sophos\Sophos SSL VPN Client\bin;C:\Users\fredi.roldan\AppData\Local\atom\bin;."/>
    <property name="maven.conf" value="C:\Developer\mvn\maven-3.5.0\bin\../conf"/>
    <property name="java.specification.name" value="Java Platform API Specification"/>
    <property name="java.class.version" value="52.0"/>
    <property name="sun.management.compiler" value="HotSpot 64-Bit Tiered Compilers"/>
    <property name="os.version" value="10.0"/>
    <property name="library.jansi.path" value="C:\Developer\mvn\maven-3.5.0\bin\..\lib\jansi-native\windows64"/>
    <property name="user.home" value="C:\Users\fredi.roldan"/>
    <property name="user.timezone" value="America/Sao_Paulo"/>
    <property name="java.awt.printerjob" value="sun.awt.windows.WPrinterJob"/>
    <property name="java.specification.version" value="1.8"/>
    <property name="file.encoding" value="Cp1252"/>
    <property name="user.name" value="fredi.roldan"/>
    <property name="java.class.path" value="C:\Developer\mvn\maven-3.5.0\bin\..\boot\plexus-classworlds-2.5.2.jar"/>
    <property name="java.vm.specification.version" value="1.8"/>
    <property name="sun.arch.data.model" value="64"/>
    <property name="java.home" value="C:\Developer\java\jdk\1.8.0_92\jre"/>
    <property name="sun.java.command" value="org.codehaus.plexus.classworlds.launcher.Launcher install"/>
    <property name="java.specification.vendor" value="Oracle Corporation"/>
    <property name="user.language" value="pt"/>
    <property name="awt.toolkit" value="sun.awt.windows.WToolkit"/>
    <property name="java.vm.info" value="mixed mode"/>
    <property name="java.version" value="1.8.0_92"/>
    <property name="java.ext.dirs" value="C:\Developer\java\jdk\1.8.0_92\jre\lib\ext;C:\WINDOWS\Sun\Java\lib\ext"/>
    <property name="sun.boot.class.path" value="C:\Developer\java\jdk\1.8.0_92\jre\lib\resources.jar;C:\Developer\java\jdk\1.8.0_92\jre\lib\rt.jar;C:\Developer\java\jdk\1.8.0_92\jre\lib\sunrsasign.jar;C:\Developer\java\jdk\1.8.0_92\jre\lib\jsse.jar;C:\Developer\java\jdk\1.8.0_92\jre\lib\jce.jar;C:\Developer\java\jdk\1.8.0_92\jre\lib\charsets.jar;C:\Developer\java\jdk\1.8.0_92\jre\lib\jfr.jar;C:\Developer\java\jdk\1.8.0_92\jre\classes"/>
    <property name="sun.stderr.encoding" value="cp850"/>
    <property name="java.vendor" value="Oracle Corporation"/>
    <property name="maven.home" value="C:\Developer\mvn\maven-3.5.0\bin\.."/>
    <property name="file.separator" value="\"/>
    <property name="java.vendor.url.bug" value="http://bugreport.sun.com/bugreport/"/>
    <property name="sun.cpu.endian" value="little"/>
    <property name="sun.io.unicode.encoding" value="UnicodeLittle"/>
    <property name="sun.stdout.encoding" value="cp850"/>
    <property name="sun.desktop" value="windows"/>
    <property name="sun.cpu.isalist" value="amd64"/>
  </properties>
  <testcase classname="br.com.yaman.UtilTest" name="getConfigPropertiesAplicacao" time="0.015"/>
</testsuite>